Copyright 1986-2022 Xilinx, Inc. All Rights Reserved. Copyright 2022-2023 Advanced Micro Devices, Inc. All Rights Reserved.
--------------------------------------------------------------------------------------------------------------------------------------------------
| Tool Version : Vivado v.2023.2 (win64) Build 4029153 Fri Oct 13 20:14:34 MDT 2023
| Date         : Thu Jul 11 23:19:38 2024
| Host         : THARUNREDDY running 64-bit major release  (build 9200)
| Command      : report_methodology -file FIFO_methodology_drc_routed.rpt -pb FIFO_methodology_drc_routed.pb -rpx FIFO_methodology_drc_routed.rpx
| Design       : FIFO
| Device       : xc7z020clg484-1
| Speed File   : -1
| Design State : Fully Routed
--------------------------------------------------------------------------------------------------------------------------------------------------

Report Methodology

Table of Contents
-----------------
1. REPORT SUMMARY
2. REPORT DETAILS

1. REPORT SUMMARY
-----------------
            Netlist: netlist
          Floorplan: design_1
      Design limits: <entire design considered>
             Max violations: <unlimited>
             Violations found: 2
+--------+----------+------------------------------------------------------+------------+
| Rule   | Severity | Description                                          | Violations |
+--------+----------+------------------------------------------------------+------------+
| XDCC-4 | Warning  | User Clock constraint overwritten with the same name | 1          |
| XDCC-8 | Warning  | User Clock constraint overwritten on the same source | 1          |
+--------+----------+------------------------------------------------------+------------+

2. REPORT DETAILS
-----------------
XDCC-4#1 Warning
User Clock constraint overwritten with the same name  
A new clock constraint create_clock overrides a previous user clock constraint with the same name.
New: create_clock -period 10.000 -name clock -waveform {0.000 5.000} clock (Source: C:/Users/kakar/Videos/vivado/FIFO/FIFO.srcs/constrs_1/new/FIFO.xdc (Line: 23))
Previous: create_clock -period 10.000 -name clock -waveform {0.000 5.000} clock (Source: C:/Users/kakar/Videos/vivado/FIFO/FIFO.srcs/constrs_1/new/FIFO.xdc (Line: 21))
Related violations: <none>

XDCC-8#1 Warning
User Clock constraint overwritten on the same source  
A new clock constraint create_clock overrides a previous user clock constraint defined on the same source.
New: create_clock -period 10.000 -name clock -waveform {0.000 5.000} clock (Source: C:/Users/kakar/Videos/vivado/FIFO/FIFO.srcs/constrs_1/new/FIFO.xdc (Line: 23))
Previous: create_clock -period 10.000 -name clock -waveform {0.000 5.000} clock (Source: C:/Users/kakar/Videos/vivado/FIFO/FIFO.srcs/constrs_1/new/FIFO.xdc (Line: 21))
Related violations: <none>


